2014-09-28 23:03:40,748 WARN  [SoapUI] Missing folder [C:\Users\Rodrigo\Documents\GitHub\automacaoECF\.\ext] for external libraries
2014-09-28 23:03:40,974 INFO  [DefaultSoapUICore] initialized soapui-settings from [C:\Users\Rodrigo\soapui-settings.xml]
2014-09-28 23:03:41,663 INFO  [SchemaUtils] Added default schema from file:/C:/Users/Rodrigo/.m2/repository/eviware/soapui/4.0.0/soapui-4.0.0.jar!/com/eviware/soapui/resources/xsds/xop.xsd with targetNamespace http://www.w3.org/2004/08/xop/include
2014-09-28 23:03:41,705 INFO  [SchemaUtils] Added default schema from file:/C:/Users/Rodrigo/.m2/repository/eviware/soapui/4.0.0/soapui-4.0.0.jar!/com/eviware/soapui/resources/xsds/XMLSchema.xsd with targetNamespace http://www.w3.org/2001/XMLSchema
2014-09-28 23:03:41,706 INFO  [SchemaUtils] Added default schema from file:/C:/Users/Rodrigo/.m2/repository/eviware/soapui/4.0.0/soapui-4.0.0.jar!/com/eviware/soapui/resources/xsds/xml.xsd with targetNamespace http://www.w3.org/XML/1998/namespace
2014-09-28 23:03:41,707 INFO  [SchemaUtils] Added default schema from file:/C:/Users/Rodrigo/.m2/repository/eviware/soapui/4.0.0/soapui-4.0.0.jar!/com/eviware/soapui/resources/xsds/swaref.xsd with targetNamespace http://ws-i.org/profiles/basic/1.1/xsd
2014-09-28 23:03:41,707 INFO  [SchemaUtils] Added default schema from file:/C:/Users/Rodrigo/.m2/repository/eviware/soapui/4.0.0/soapui-4.0.0.jar!/com/eviware/soapui/resources/xsds/xmime200505.xsd with targetNamespace http://www.w3.org/2005/05/xmlmime
2014-09-28 23:03:41,708 INFO  [SchemaUtils] Added default schema from file:/C:/Users/Rodrigo/.m2/repository/eviware/soapui/4.0.0/soapui-4.0.0.jar!/com/eviware/soapui/resources/xsds/xmime200411.xsd with targetNamespace http://www.w3.org/2004/11/xmlmime
2014-09-28 23:03:41,710 INFO  [SchemaUtils] Added default schema from file:/C:/Users/Rodrigo/.m2/repository/eviware/soapui/4.0.0/soapui-4.0.0.jar!/com/eviware/soapui/resources/xsds/soapEnvelope.xsd with targetNamespace http://schemas.xmlsoap.org/soap/envelope/
2014-09-28 23:03:41,715 INFO  [SchemaUtils] Added default schema from file:/C:/Users/Rodrigo/.m2/repository/eviware/soapui/4.0.0/soapui-4.0.0.jar!/com/eviware/soapui/resources/xsds/soapEncoding.xsd with targetNamespace http://schemas.xmlsoap.org/soap/encoding/
2014-09-28 23:03:41,717 INFO  [SchemaUtils] Added default schema from file:/C:/Users/Rodrigo/.m2/repository/eviware/soapui/4.0.0/soapui-4.0.0.jar!/com/eviware/soapui/resources/xsds/soapEnvelope12.xsd with targetNamespace http://www.w3.org/2003/05/soap-envelope
2014-09-28 23:03:41,722 INFO  [SchemaUtils] Added default schema from file:/C:/Users/Rodrigo/.m2/repository/eviware/soapui/4.0.0/soapui-4.0.0.jar!/com/eviware/soapui/resources/xsds/soapEncoding12.xsd with targetNamespace http://www.w3.org/2003/05/soap-encoding
2014-09-28 23:03:42,407 INFO  [SchemaUtils] Loading schema types from [http://166.78.0.215:8092/taxbr-solution-webservices/services/CostCenterWebServiceImplPort?wsdl]
2014-09-28 23:03:42,407 INFO  [SchemaUtils] Getting schema http://166.78.0.215:8092/taxbr-solution-webservices/services/CostCenterWebServiceImplPort?wsdl
2014-09-28 23:03:42,411 INFO  [SchemaUtils] Getting schema http://166.78.0.215:8092/taxbr-solution-webservices/services/CostCenterWebServiceImplPort?xsd=costcenterwebserviceimpl_schema1.xsd
2014-09-28 23:03:42,612 INFO  [WsdlImporter] Finding importer for {http://costcenter.webservices.taxbr.ta.thomsonreuters.com/}CostCenterWebServiceImplServiceSoapBinding
2014-09-28 23:03:42,615 INFO  [WsdlImporter] Importing binding {http://costcenter.webservices.taxbr.ta.thomsonreuters.com/}CostCenterWebServiceImplServiceSoapBinding
2014-09-28 23:03:42,637 INFO  [Soap12HttpBindingImporter] importing endpoint http://166.78.0.215:8092/taxbr-solution-webservices/services/CostCenterWebServiceImplPort
2014-09-28 23:03:42,642 INFO  [Soap12HttpBindingImporter] importing operation receiveCostCenter
2014-09-28 23:03:43,089 INFO  [VerificacoesDeWS] Request para envio : 
2014-09-28 23:03:43,089 INFO  [VerificacoesDeWS] <?xml version="1.0" encoding="UTF-8"?><soap:Envelope xmlns:soap="http://www.w3.org/2003/05/soap-envelope" xmlns:cos="http://costcenter.webservices.taxbr.ta.thomsonreuters.com/">
	<soap:Header/>
	<soap:Body>
		<cos:receiveCostCenter>
			<COST_CENTER_LIST>
				<COST_CENTER>
					<COD_CENTRAL_REGISTRATION>55231342000104</COD_CENTRAL_REGISTRATION>
					<IND_DELETE>N</IND_DELETE>
					<COD_COST_CENTER>CC001</COD_COST_CENTER>
					<DAT_INSERT_UPDATE>2014-01-01</DAT_INSERT_UPDATE>
					<DSC_COST_CENTER>CENTRO DE CUSTO AUTOMACAO</DSC_COST_CENTER>
				</COST_CENTER>
			</COST_CENTER_LIST>
		</cos:receiveCostCenter>
	</soap:Body>
	</soap:Envelope>
2014-09-28 23:03:43,089 INFO  [VerificacoesDeWS] Response obtido : 
2014-09-28 23:03:43,089 INFO  [VerificacoesDeWS] <soap:Envelope xmlns:soap="http://www.w3.org/2003/05/soap-envelope">
   <soap:Body>
      <ns2:receiveCostCenterResponse xmlns:ns2="http://costcenter.webservices.taxbr.ta.thomsonreuters.com/">
         <return>
            <RESPONSE_DATE>2014-09-28T23:03:39.644-03:00</RESPONSE_DATE>
            <PROTOCOL_NUMBER>7199a1ca-5317-4c63-87c5-6108ee856d8a</PROTOCOL_NUMBER>
            <RESPONSE_MESSAGE>Mensagem recebida pelo ONESOURCE com sucesso.
Utilize o número de protocolo para consultar o resultado do processamento.</RESPONSE_MESSAGE>
         </return>
      </ns2:receiveCostCenterResponse>
   </soap:Body>
</soap:Envelope>
2014-09-28 23:03:43,089 INFO  [VerificacoesDeWS] Granvando o arquivo de retorno ...
2014-09-28 23:03:43,159 INFO  [VerificacoesDeWS] Copiando arquivo modelo 'costcenter'...
2014-09-28 23:03:43,161 INFO  [VerificacoesDeWS] Copiando arquivo modelo, com nome ./files/requestWS/temp/protocolo_28092014_230343.xml com sucesso!
2014-09-28 23:03:43,167 INFO  [VerificacoesDeWS] Arquivo de request: <?xml version="1.0" encoding="UTF-8"?><soap:Envelope xmlns:soap="http://www.w3.org/2003/05/soap-envelope" xmlns:res="http://response.webservices.taxbr.ta.thomsonreuters.com/">
	<soap:Header/>
	<soap:Body>
		<res:getResponseMessage>
			<PROTOCOL_NUMBER>7199a1ca-5317-4c63-87c5-6108ee856d8a</PROTOCOL_NUMBER>
		</res:getResponseMessage>
	</soap:Body>
</soap:Envelope>
2014-09-28 23:03:43,542 INFO  [SchemaUtils] Loading schema types from [http://166.78.0.215:8092/taxbr-solution-webservices/services/TrTaxBrMessageResponseImplPort?wsdl]
2014-09-28 23:03:43,542 INFO  [SchemaUtils] Getting schema http://166.78.0.215:8092/taxbr-solution-webservices/services/TrTaxBrMessageResponseImplPort?wsdl
2014-09-28 23:03:43,545 INFO  [SchemaUtils] Getting schema http://166.78.0.215:8092/taxbr-solution-webservices/services/TrTaxBrMessageResponseImplPort?xsd=trtaxbrmessageresponseimpl_schema1.xsd
2014-09-28 23:03:43,639 INFO  [WsdlImporter] Finding importer for {http://response.webservices.taxbr.ta.thomsonreuters.com/}TrTaxBrMessageResponseImplServiceSoapBinding
2014-09-28 23:03:43,639 INFO  [WsdlImporter] Importing binding {http://response.webservices.taxbr.ta.thomsonreuters.com/}TrTaxBrMessageResponseImplServiceSoapBinding
2014-09-28 23:03:43,639 INFO  [Soap12HttpBindingImporter] importing endpoint http://166.78.0.215:8092/taxbr-solution-webservices/services/TrTaxBrMessageResponseImplPort
2014-09-28 23:03:43,640 INFO  [Soap12HttpBindingImporter] importing operation getResponseMessage
2014-09-28 23:03:44,836 INFO  [VerificacoesDeWS] Request para envio : 
2014-09-28 23:03:44,836 INFO  [VerificacoesDeWS] <?xml version="1.0" encoding="UTF-8"?><soap:Envelope xmlns:soap="http://www.w3.org/2003/05/soap-envelope" xmlns:res="http://response.webservices.taxbr.ta.thomsonreuters.com/">
	<soap:Header/>
	<soap:Body>
		<res:getResponseMessage>
			<PROTOCOL_NUMBER>7199a1ca-5317-4c63-87c5-6108ee856d8a</PROTOCOL_NUMBER>
		</res:getResponseMessage>
	</soap:Body>
</soap:Envelope>
2014-09-28 23:03:44,836 INFO  [VerificacoesDeWS] Response obtido : 
2014-09-28 23:03:44,836 INFO  [VerificacoesDeWS] <soap:Envelope xmlns:soap="http://www.w3.org/2003/05/soap-envelope">
   <soap:Body>
      <soap:Fault>
         <soap:Code>
            <soap:Value>soap:Receiver</soap:Value>
         </soap:Code>
         <soap:Reason>
            <soap:Text xml:lang="en">Could not open JPA EntityManager for transaction; nested exception is javax.persistence.PersistenceException: org.hibernate.exception.JDBCConnectionException: Cannot open connection</soap:Text>
         </soap:Reason>
      </soap:Fault>
   </soap:Body>
</soap:Envelope>
2014-09-28 23:03:44,840 INFO  [VerificacoesDeWS] Mensagem Recebida: 
2014-09-28 23:03:44,840 INFO  [VerificacoesDeWS] Granvando o arquivo de retorno ...
2014-09-28 23:03:44,852 INFO  [VerificacoesDeWS] Limpando a pasta temporária: ./files/requestWS/temp/
2014-09-28 23:03:44,856 INFO  [VerificacoesDeWS] Arquivo de request: <?xml version="1.0" encoding="UTF-8"?><soap:Envelope xmlns:soap="http://www.w3.org/2003/05/soap-envelope" xmlns:cos="http://costcenter.webservices.taxbr.ta.thomsonreuters.com/">
	<soap:Header/>
	<soap:Body>
		<cos:receiveCostCenter>
			<COST_CENTER_LIST>
				<COST_CENTER>
					<COD_CENTRAL_REGISTRATION>55231342000104</COD_CENTRAL_REGISTRATION>
					<IND_DELETE>N</IND_DELETE>
					<COD_COST_CENTER>CC001</COD_COST_CENTER>
					<DAT_INSERT_UPDATE>2014-01-01</DAT_INSERT_UPDATE>
					<DSC_COST_CENTER>CENTRO DE CUSTO AUTOMACAO</DSC_COST_CENTER>
				</COST_CENTER>
			</COST_CENTER_LIST>
		</cos:receiveCostCenter>
	</soap:Body>
	</soap:Envelope>
2014-09-28 23:03:45,403 INFO  [SchemaUtils] Loading schema types from [http://166.78.0.215:8092/taxbr-solution-webservices/services/CostCenterWebServiceImplPort?wsdl]
2014-09-28 23:03:45,403 INFO  [SchemaUtils] Getting schema http://166.78.0.215:8092/taxbr-solution-webservices/services/CostCenterWebServiceImplPort?wsdl
2014-09-28 23:03:45,406 INFO  [SchemaUtils] Getting schema http://166.78.0.215:8092/taxbr-solution-webservices/services/CostCenterWebServiceImplPort?xsd=costcenterwebserviceimpl_schema1.xsd
2014-09-28 23:03:45,478 INFO  [WsdlImporter] Finding importer for {http://costcenter.webservices.taxbr.ta.thomsonreuters.com/}CostCenterWebServiceImplServiceSoapBinding
2014-09-28 23:03:45,479 INFO  [WsdlImporter] Importing binding {http://costcenter.webservices.taxbr.ta.thomsonreuters.com/}CostCenterWebServiceImplServiceSoapBinding
2014-09-28 23:03:45,479 INFO  [Soap12HttpBindingImporter] importing endpoint http://166.78.0.215:8092/taxbr-solution-webservices/services/CostCenterWebServiceImplPort
2014-09-28 23:03:45,479 INFO  [Soap12HttpBindingImporter] importing operation receiveCostCenter
2014-09-28 23:03:45,675 INFO  [VerificacoesDeWS] Request para envio : 
2014-09-28 23:03:45,675 INFO  [VerificacoesDeWS] <?xml version="1.0" encoding="UTF-8"?><soap:Envelope xmlns:soap="http://www.w3.org/2003/05/soap-envelope" xmlns:cos="http://costcenter.webservices.taxbr.ta.thomsonreuters.com/">
	<soap:Header/>
	<soap:Body>
		<cos:receiveCostCenter>
			<COST_CENTER_LIST>
				<COST_CENTER>
					<COD_CENTRAL_REGISTRATION>55231342000104</COD_CENTRAL_REGISTRATION>
					<IND_DELETE>N</IND_DELETE>
					<COD_COST_CENTER>CC001</COD_COST_CENTER>
					<DAT_INSERT_UPDATE>2014-01-01</DAT_INSERT_UPDATE>
					<DSC_COST_CENTER>CENTRO DE CUSTO AUTOMACAO</DSC_COST_CENTER>
				</COST_CENTER>
			</COST_CENTER_LIST>
		</cos:receiveCostCenter>
	</soap:Body>
	</soap:Envelope>
2014-09-28 23:03:45,676 INFO  [VerificacoesDeWS] Response obtido : 
2014-09-28 23:03:45,676 INFO  [VerificacoesDeWS] <soap:Envelope xmlns:soap="http://www.w3.org/2003/05/soap-envelope">
   <soap:Body>
      <ns2:receiveCostCenterResponse xmlns:ns2="http://costcenter.webservices.taxbr.ta.thomsonreuters.com/">
         <return>
            <RESPONSE_DATE>2014-09-28T23:03:42.249-03:00</RESPONSE_DATE>
            <PROTOCOL_NUMBER>a7847d3c-b19d-45cb-b452-e3eeda2849fc</PROTOCOL_NUMBER>
            <RESPONSE_MESSAGE>Mensagem recebida pelo ONESOURCE com sucesso.
Utilize o número de protocolo para consultar o resultado do processamento.</RESPONSE_MESSAGE>
         </return>
      </ns2:receiveCostCenterResponse>
   </soap:Body>
</soap:Envelope>
2014-09-28 23:03:45,676 INFO  [VerificacoesDeWS] Granvando o arquivo de retorno ...
2014-09-28 23:03:45,680 INFO  [VerificacoesDeWS] Copiando arquivo modelo 'costcenter'...
2014-09-28 23:03:45,681 INFO  [VerificacoesDeWS] Copiando arquivo modelo, com nome ./files/requestWS/temp/protocolo_28092014_230345.xml com sucesso!
2014-09-28 23:03:45,701 INFO  [VerificacoesDeWS] Arquivo de request: <?xml version="1.0" encoding="UTF-8"?><soap:Envelope xmlns:soap="http://www.w3.org/2003/05/soap-envelope" xmlns:res="http://response.webservices.taxbr.ta.thomsonreuters.com/">
	<soap:Header/>
	<soap:Body>
		<res:getResponseMessage>
			<PROTOCOL_NUMBER>a7847d3c-b19d-45cb-b452-e3eeda2849fc</PROTOCOL_NUMBER>
		</res:getResponseMessage>
	</soap:Body>
</soap:Envelope>
2014-09-28 23:03:46,069 INFO  [SchemaUtils] Loading schema types from [http://166.78.0.215:8092/taxbr-solution-webservices/services/TrTaxBrMessageResponseImplPort?wsdl]
2014-09-28 23:03:46,070 INFO  [SchemaUtils] Getting schema http://166.78.0.215:8092/taxbr-solution-webservices/services/TrTaxBrMessageResponseImplPort?wsdl
2014-09-28 23:03:46,072 INFO  [SchemaUtils] Getting schema http://166.78.0.215:8092/taxbr-solution-webservices/services/TrTaxBrMessageResponseImplPort?xsd=trtaxbrmessageresponseimpl_schema1.xsd
2014-09-28 23:03:46,131 INFO  [WsdlImporter] Finding importer for {http://response.webservices.taxbr.ta.thomsonreuters.com/}TrTaxBrMessageResponseImplServiceSoapBinding
2014-09-28 23:03:46,131 INFO  [WsdlImporter] Importing binding {http://response.webservices.taxbr.ta.thomsonreuters.com/}TrTaxBrMessageResponseImplServiceSoapBinding
2014-09-28 23:03:46,132 INFO  [Soap12HttpBindingImporter] importing endpoint http://166.78.0.215:8092/taxbr-solution-webservices/services/TrTaxBrMessageResponseImplPort
2014-09-28 23:03:46,132 INFO  [Soap12HttpBindingImporter] importing operation getResponseMessage
2014-09-28 23:03:47,846 INFO  [VerificacoesDeWS] Request para envio : 
2014-09-28 23:03:47,846 INFO  [VerificacoesDeWS] <?xml version="1.0" encoding="UTF-8"?><soap:Envelope xmlns:soap="http://www.w3.org/2003/05/soap-envelope" xmlns:res="http://response.webservices.taxbr.ta.thomsonreuters.com/">
	<soap:Header/>
	<soap:Body>
		<res:getResponseMessage>
			<PROTOCOL_NUMBER>a7847d3c-b19d-45cb-b452-e3eeda2849fc</PROTOCOL_NUMBER>
		</res:getResponseMessage>
	</soap:Body>
</soap:Envelope>
2014-09-28 23:03:47,846 INFO  [VerificacoesDeWS] Response obtido : 
2014-09-28 23:03:47,846 INFO  [VerificacoesDeWS] <soap:Envelope xmlns:soap="http://www.w3.org/2003/05/soap-envelope">
   <soap:Body>
      <soap:Fault>
         <soap:Code>
            <soap:Value>soap:Receiver</soap:Value>
         </soap:Code>
         <soap:Reason>
            <soap:Text xml:lang="en">Could not open JPA EntityManager for transaction; nested exception is javax.persistence.PersistenceException: org.hibernate.exception.JDBCConnectionException: Cannot open connection</soap:Text>
         </soap:Reason>
      </soap:Fault>
   </soap:Body>
</soap:Envelope>
2014-09-28 23:03:47,847 INFO  [VerificacoesDeWS] Mensagem Recebida: 
2014-09-28 23:03:47,847 INFO  [VerificacoesDeWS] Granvando o arquivo de retorno ...
2014-09-28 23:03:47,876 INFO  [VerificacoesDeWS] Limpando a pasta temporária: ./files/requestWS/temp/
2014-09-28 23:03:47,882 INFO  [VerificacoesDeWS] Arquivo de request: <?xml version="1.0" encoding="UTF-8"?><soap:Envelope xmlns:soap="http://www.w3.org/2003/05/soap-envelope" xmlns:cos="http://costcenter.webservices.taxbr.ta.thomsonreuters.com/">
	<soap:Header/>
	<soap:Body>
		<cos:receiveCostCenter>
			<COST_CENTER_LIST>
				<COST_CENTER>
					<COD_CENTRAL_REGISTRATION>55231342000104</COD_CENTRAL_REGISTRATION>
					<IND_DELETE>N</IND_DELETE>
					<COD_COST_CENTER>CC001</COD_COST_CENTER>
					<DAT_INSERT_UPDATE>2014-01-01</DAT_INSERT_UPDATE>
					<DSC_COST_CENTER>CENTRO DE CUSTO AUTOMACAO</DSC_COST_CENTER>
				</COST_CENTER>
			</COST_CENTER_LIST>
		</cos:receiveCostCenter>
	</soap:Body>
	</soap:Envelope>
2014-09-28 23:03:48,546 INFO  [SchemaUtils] Loading schema types from [http://166.78.0.215:8092/taxbr-solution-webservices/services/CostCenterWebServiceImplPort?wsdl]
2014-09-28 23:03:48,547 INFO  [SchemaUtils] Getting schema http://166.78.0.215:8092/taxbr-solution-webservices/services/CostCenterWebServiceImplPort?wsdl
2014-09-28 23:03:48,549 INFO  [SchemaUtils] Getting schema http://166.78.0.215:8092/taxbr-solution-webservices/services/CostCenterWebServiceImplPort?xsd=costcenterwebserviceimpl_schema1.xsd
2014-09-28 23:03:48,614 INFO  [WsdlImporter] Finding importer for {http://costcenter.webservices.taxbr.ta.thomsonreuters.com/}CostCenterWebServiceImplServiceSoapBinding
2014-09-28 23:03:48,614 INFO  [WsdlImporter] Importing binding {http://costcenter.webservices.taxbr.ta.thomsonreuters.com/}CostCenterWebServiceImplServiceSoapBinding
2014-09-28 23:03:48,615 INFO  [Soap12HttpBindingImporter] importing endpoint http://166.78.0.215:8092/taxbr-solution-webservices/services/CostCenterWebServiceImplPort
2014-09-28 23:03:48,615 INFO  [Soap12HttpBindingImporter] importing operation receiveCostCenter
2014-09-28 23:03:50,236 INFO  [VerificacoesDeWS] Request para envio : 
2014-09-28 23:03:50,236 INFO  [VerificacoesDeWS] <?xml version="1.0" encoding="UTF-8"?><soap:Envelope xmlns:soap="http://www.w3.org/2003/05/soap-envelope" xmlns:cos="http://costcenter.webservices.taxbr.ta.thomsonreuters.com/">
	<soap:Header/>
	<soap:Body>
		<cos:receiveCostCenter>
			<COST_CENTER_LIST>
				<COST_CENTER>
					<COD_CENTRAL_REGISTRATION>55231342000104</COD_CENTRAL_REGISTRATION>
					<IND_DELETE>N</IND_DELETE>
					<COD_COST_CENTER>CC001</COD_COST_CENTER>
					<DAT_INSERT_UPDATE>2014-01-01</DAT_INSERT_UPDATE>
					<DSC_COST_CENTER>CENTRO DE CUSTO AUTOMACAO</DSC_COST_CENTER>
				</COST_CENTER>
			</COST_CENTER_LIST>
		</cos:receiveCostCenter>
	</soap:Body>
	</soap:Envelope>
2014-09-28 23:03:50,236 INFO  [VerificacoesDeWS] Response obtido : 
2014-09-28 23:03:50,236 INFO  [VerificacoesDeWS] <soap:Envelope xmlns:soap="http://www.w3.org/2003/05/soap-envelope">
   <soap:Body>
      <ns2:receiveCostCenterResponse xmlns:ns2="http://costcenter.webservices.taxbr.ta.thomsonreuters.com/">
         <return>
            <RESPONSE_DATE>2014-09-28T23:03:46.805-03:00</RESPONSE_DATE>
            <PROTOCOL_NUMBER>262dcb17-b904-46fe-ab09-584b0434e649</PROTOCOL_NUMBER>
            <RESPONSE_MESSAGE>Mensagem recebida pelo ONESOURCE com sucesso.
Utilize o número de protocolo para consultar o resultado do processamento.</RESPONSE_MESSAGE>
         </return>
      </ns2:receiveCostCenterResponse>
   </soap:Body>
</soap:Envelope>
2014-09-28 23:03:50,236 INFO  [VerificacoesDeWS] Granvando o arquivo de retorno ...
2014-09-28 23:03:50,241 INFO  [VerificacoesDeWS] Copiando arquivo modelo 'costcenter'...
2014-09-28 23:03:50,243 INFO  [VerificacoesDeWS] Copiando arquivo modelo, com nome ./files/requestWS/temp/protocolo_28092014_230350.xml com sucesso!
2014-09-28 23:03:50,246 INFO  [VerificacoesDeWS] Arquivo de request: <?xml version="1.0" encoding="UTF-8"?><soap:Envelope xmlns:soap="http://www.w3.org/2003/05/soap-envelope" xmlns:res="http://response.webservices.taxbr.ta.thomsonreuters.com/">
	<soap:Header/>
	<soap:Body>
		<res:getResponseMessage>
			<PROTOCOL_NUMBER>262dcb17-b904-46fe-ab09-584b0434e649</PROTOCOL_NUMBER>
		</res:getResponseMessage>
	</soap:Body>
</soap:Envelope>
2014-09-28 23:03:50,644 INFO  [SchemaUtils] Loading schema types from [http://166.78.0.215:8092/taxbr-solution-webservices/services/TrTaxBrMessageResponseImplPort?wsdl]
2014-09-28 23:03:50,644 INFO  [SchemaUtils] Getting schema http://166.78.0.215:8092/taxbr-solution-webservices/services/TrTaxBrMessageResponseImplPort?wsdl
2014-09-28 23:03:50,646 INFO  [SchemaUtils] Getting schema http://166.78.0.215:8092/taxbr-solution-webservices/services/TrTaxBrMessageResponseImplPort?xsd=trtaxbrmessageresponseimpl_schema1.xsd
2014-09-28 23:03:50,691 INFO  [WsdlImporter] Finding importer for {http://response.webservices.taxbr.ta.thomsonreuters.com/}TrTaxBrMessageResponseImplServiceSoapBinding
2014-09-28 23:03:50,691 INFO  [WsdlImporter] Importing binding {http://response.webservices.taxbr.ta.thomsonreuters.com/}TrTaxBrMessageResponseImplServiceSoapBinding
2014-09-28 23:03:50,691 INFO  [Soap12HttpBindingImporter] importing endpoint http://166.78.0.215:8092/taxbr-solution-webservices/services/TrTaxBrMessageResponseImplPort
2014-09-28 23:03:50,692 INFO  [Soap12HttpBindingImporter] importing operation getResponseMessage
2014-09-28 23:03:51,974 INFO  [VerificacoesDeWS] Request para envio : 
2014-09-28 23:03:51,974 INFO  [VerificacoesDeWS] <?xml version="1.0" encoding="UTF-8"?><soap:Envelope xmlns:soap="http://www.w3.org/2003/05/soap-envelope" xmlns:res="http://response.webservices.taxbr.ta.thomsonreuters.com/">
	<soap:Header/>
	<soap:Body>
		<res:getResponseMessage>
			<PROTOCOL_NUMBER>262dcb17-b904-46fe-ab09-584b0434e649</PROTOCOL_NUMBER>
		</res:getResponseMessage>
	</soap:Body>
</soap:Envelope>
2014-09-28 23:03:51,974 INFO  [VerificacoesDeWS] Response obtido : 
2014-09-28 23:03:51,974 INFO  [VerificacoesDeWS] <soap:Envelope xmlns:soap="http://www.w3.org/2003/05/soap-envelope">
   <soap:Body>
      <soap:Fault>
         <soap:Code>
            <soap:Value>soap:Receiver</soap:Value>
         </soap:Code>
         <soap:Reason>
            <soap:Text xml:lang="en">Could not open JPA EntityManager for transaction; nested exception is javax.persistence.PersistenceException: org.hibernate.exception.JDBCConnectionException: Cannot open connection</soap:Text>
         </soap:Reason>
      </soap:Fault>
   </soap:Body>
</soap:Envelope>
2014-09-28 23:03:51,975 INFO  [VerificacoesDeWS] Mensagem Recebida: 
2014-09-28 23:03:51,975 INFO  [VerificacoesDeWS] Granvando o arquivo de retorno ...
2014-09-28 23:03:53,179 INFO  [ResultadosDaSuite] --------------------------------------------------------------------------------------------------------------------------------
2014-09-28 23:03:53,179 INFO  [ResultadosDaSuite] RESULTADOS DA SUITE EM DOMINGO, 28 DE SETEMBRO DE 2014
2014-09-28 23:03:53,179 INFO  [ResultadosDaSuite] TOTAL DE TESTES: 3 | FALHA: 2 | SUCESSO: 1
2014-09-28 23:03:53,179 INFO  [ResultadosDaSuite] --------------------------------------------------------------------------------------------------------------------------------
2014-09-28 23:03:53,179 INFO  [ResultadosDaSuite] --------------------------------------------------------------------------------------------------------------------------------
2014-09-28 23:03:53,180 INFO  [ResultadosDaSuite] TESTE                                                         RESULTADO            CATEGORIA              DURAÇÃO
2014-09-28 23:03:53,180 INFO  [ResultadosDaSuite] --------------------------------------------------------------------------------------------------------------------------------
2014-09-28 23:03:53,180 INFO  [ResultadosDaSuite] TelaAgrupamentoDeTabelasAcesso                                   FALHA!                 TELA             00:00:58
2014-09-28 23:03:53,180 INFO  [ResultadosDaSuite] IntegracaoAccountBalanceTeste                                    FALHA!           INTEGRAÇÃO             00:00:58
2014-09-28 23:03:53,180 INFO  [ResultadosDaSuite] ConsistenciasCostCenter                                        SUCESSO!           INTEGRAÇÃO             00:00:14
2014-09-28 23:03:53,180 INFO  [ResultadosDaSuite] --------------------------------------------------------------------------------------------------------------------------------
2014-09-28 23:03:53,181 INFO  [ResultadosDaSuite] SUITE DE TESTE EXECUTADA EM: 0 HORAS 2 MINUTOS 12 SEGUNDOS 
2014-09-28 23:03:53,181 INFO  [ResultadosDaSuite] --------------------------------------------------------------------------------------------------------------------------------
