INFO main - Aguardando o carregamento da tela 'Cadastros > Gerais > Estabelecimentos' || Tentativa 4 de 100
INFO main - Aguardando o carregamento da tela 'Cadastros > Gerais > Estabelecimentos' || Tentativa 5 de 100
INFO main - Aguardando o carregamento da tela 'Cadastros > Gerais > Estabelecimentos' || Tentativa 6 de 100
INFO main - Aguardando o carregamento da tela 'Cadastros > Gerais > Estabelecimentos' || Tentativa 7 de 100
INFO main - Aguardando o carregamento da tela 'Cadastros > Gerais > Estabelecimentos' || Tentativa 8 de 100
INFO main - Aguardando o carregamento da tela 'Cadastros > Gerais > Estabelecimentos' || Tentativa 9 de 100
INFO main - Aguardando o carregamento da tela 'Cadastros > Gerais > Estabelecimentos' || Tentativa 10 de 100
INFO main - Aguardando o carregamento da tela 'Cadastros > Gerais > Estabelecimentos' || Tentativa 11 de 100
INFO main - Aguardando o carregamento da tela 'Cadastros > Gerais > Estabelecimentos' || Tentativa 12 de 100
INFO main - Aguardando o carregamento da tela 'Cadastros > Gerais > Estabelecimentos' || Tentativa 13 de 100
INFO main - Aguardando o carregamento da tela 'Cadastros > Gerais > Estabelecimentos' || Tentativa 14 de 100
INFO main - Aguardando o carregamento da tela 'Cadastros > Gerais > Estabelecimentos' || Tentativa 15 de 100
INFO main - Aguardando o carregamento da tela 'Cadastros > Gerais > Estabelecimentos' || Tentativa 16 de 100
INFO main - Aguardando o carregamento da tela 'Cadastros > Gerais > Estabelecimentos' || Tentativa 17 de 100
INFO main - Aguardando o carregamento da tela 'Cadastros > Gerais > Estabelecimentos' || Tentativa 18 de 100
INFO main - Aguardando o carregamento da tela 'Cadastros > Gerais > Estabelecimentos' || Tentativa 19 de 100
INFO main - Aguardando o carregamento da tela 'Cadastros > Gerais > Estabelecimentos' || Tentativa 20 de 100
INFO main - Aguardando o carregamento da tela 'Cadastros > Gerais > Estabelecimentos' || Tentativa 21 de 100
INFO main - Aguardando o carregamento da tela 'Cadastros > Gerais > Estabelecimentos' || Tentativa 22 de 100
INFO main - Aguardando o carregamento da tela 'Cadastros > Gerais > Estabelecimentos' || Tentativa 23 de 100
INFO main - Aguardando o carregamento da tela 'Cadastros > Gerais > Estabelecimentos' || Tentativa 24 de 100
INFO main - Aguardando o carregamento da tela 'Cadastros > Gerais > Estabelecimentos' || Tentativa 25 de 100
INFO main - Aguardando o carregamento da tela 'Cadastros > Gerais > Estabelecimentos' || Tentativa 26 de 100
INFO main - Aguardando o carregamento da tela 'Cadastros > Gerais > Estabelecimentos' || Tentativa 27 de 100
INFO main - Aguardando o carregamento da tela 'Cadastros > Gerais > Estabelecimentos' || Tentativa 28 de 100
INFO main - Aguardando o carregamento da tela 'Cadastros > Gerais > Estabelecimentos' || Tentativa 29 de 100
INFO main - Aguardando o carregamento da tela 'Cadastros > Gerais > Estabelecimentos' || Tentativa 30 de 100
INFO main - Aguardando o carregamento da tela 'Cadastros > Gerais > Estabelecimentos' || Tentativa 31 de 100
INFO main - Aguardando o carregamento da tela 'Cadastros > Gerais > Estabelecimentos' || Tentativa 32 de 100
INFO main - Aguardando o carregamento da tela 'Cadastros > Gerais > Estabelecimentos' || Tentativa 33 de 100
INFO main - Aguardando o carregamento da tela 'Cadastros > Gerais > Estabelecimentos' || Tentativa 34 de 100
INFO main - Aguardando o carregamento da tela 'Cadastros > Gerais > Estabelecimentos' || Tentativa 35 de 100
INFO main - Aguardando o carregamento da tela 'Cadastros > Gerais > Estabelecimentos' || Tentativa 36 de 100
INFO main - Aguardando o carregamento da tela 'Cadastros > Gerais > Estabelecimentos' || Tentativa 37 de 100
INFO main - Aguardando o carregamento da tela 'Cadastros > Gerais > Estabelecimentos' || Tentativa 38 de 100
INFO main - Aguardando o carregamento da tela 'Cadastros > Gerais > Estabelecimentos' || Tentativa 39 de 100
INFO main - Aguardando o carregamento da tela 'Cadastros > Gerais > Estabelecimentos' || Tentativa 40 de 100
INFO main - Aguardando o carregamento da tela 'Cadastros > Gerais > Estabelecimentos' || Tentativa 41 de 100
INFO main - Aguardando o carregamento da tela 'Cadastros > Gerais > Estabelecimentos' || Tentativa 42 de 100
INFO main - Aguardando o carregamento da tela 'Cadastros > Gerais > Estabelecimentos' || Tentativa 43 de 100
INFO main - Tela 'Cadastros > Gerais > Estabelecimentos' acessada com sucesso!!
INFO main - #ALERTA# Tempo de Carregamento: 43385, Tempo Aceitável: 10000
INFO main - #OK# Nehuma mensagem de erro localizada!
INFO main - Verificando a presença dos campos da tela de TELA ESTABELECIMENTOS...
INFO main - Verificando a presença de todas as Labels...
INFO main - Verificando componente TAXIT:trTbrCad0000BranchIrpjBean:tab1:TbrCad0000Branch_tbrCompany_label_span
INFO main - Verificando componente TAXIT:trTbrCad0000BranchIrpjBean:tab1:TbrCad0000Branch_datInsertUpdate_label_span
INFO main - Verificando componente TAXIT:trTbrCad0000BranchIrpjBean:tab1:TbrCad0000BranchCodBranch_label_span
INFO main - Verificando componente TAXIT:trTbrCad0000BranchIrpjBean:tab1:TbrCad0000BranchNumFedTax_label_span
INFO main - Verificando a presença de todas as caixas, checkbox e radio buttons...
INFO main - Verificando componente TAXIT:trTbrCad0000BranchIrpjBean:tab1:TbrCad0000Branch_tbrCompany
INFO main - Verificando componente TAXIT:trTbrCad0000BranchIrpjBean:tab1:TbrCad0000Branch_datInsertUpdate
INFO main - Verificando componente TAXIT:trTbrCad0000BranchIrpjBean:tab1:TbrCad0000BranchCodBranch
INFO main - Verificando componente TAXIT:trTbrCad0000BranchIrpjBean:tab1:TbrCad0000BranchNumFedTax
INFO main - -----
INFO main - Verificando a existencia dos títulos...
INFO main - -----
INFO main - Verificando componente /html/body/div[3]/div[2]/div/div[4]/div/div[1]/div/form/div[4]/div[3]/div[1]/h3
INFO main - -----
INFO main - Validando a label dos títulos...
INFO main - -----
INFO main - #OK# Esperado: Cadastro, Obtido: Cadastro
INFO main - -----
INFO main - Verificando labels da tela...
INFO main - -----
INFO main - #OK# Esperado: Empresa, Obtido: Empresa
INFO main - #OK# Esperado: Data Inicial, Obtido: Data Inicial
INFO main - #OK# Esperado: Estabelecimento, Obtido: Estabelecimento
INFO main - #OK# Esperado: CNPJ, Obtido: CNPJ
INFO main - -----
INFO main - Verificando tooltip das labels...
INFO main - -----
INFO main - Tooltip 'i' do campo TAXIT:trTbrCad0000BranchIrpjBean:tab1:TbrCad0000Branch_tbrCompany_label_span localizado com sucesso!
INFO main - #ALERTA# Tooltip esperado: Empresa, tooltip obtido: <span class='tipsy_msg_info'>Empresa</span>
INFO main - Tooltip 'i' do campo TAXIT:trTbrCad0000BranchIrpjBean:tab1:TbrCad0000Branch_datInsertUpdate_label_span localizado com sucesso!
INFO main - #ALERTA# Tooltip esperado: Data Inicial, tooltip obtido: <span class='tipsy_msg_info'>Data Inicial</span>
INFO main - Tooltip 'i' do campo TAXIT:trTbrCad0000BranchIrpjBean:tab1:TbrCad0000BranchCodBranch_label_span localizado com sucesso!
INFO main - #ALERTA# Tooltip esperado: Estabelecimento, tooltip obtido: <span class='tipsy_msg_info'>Estabelecimento</span>
INFO main - Tooltip 'i' do campo TAXIT:trTbrCad0000BranchIrpjBean:tab1:TbrCad0000BranchNumFedTax_label_span localizado com sucesso!
INFO main - #ALERTA# Tooltip esperado: CNPJ, tooltip obtido: <span class='tipsy_msg_info'>CNPJ</span>
INFO main - -----
INFO main - Verificando elementos input, como caixas de texto, checkbox, radiobutton, etc...
INFO main - -----
INFO main - Input TAXIT:trTbrCad0000BranchIrpjBean:tab1:TbrCad0000Branch_tbrCompany Preenchido com o valor esperado !
INFO main - Input TAXIT:trTbrCad0000BranchIrpjBean:tab1:TbrCad0000Branch_datInsertUpdate Preenchido com o valor esperado !
INFO main - #ALERTA# Tooltip Tooltip 'i' não localizado no campo TAXIT:trTbrCad0000BranchIrpjBean:tab1:TbrCad0000BranchCodBranch
INFO main - #ALERTA# Tooltip Tooltip 'i' não localizado no campo TAXIT:trTbrCad0000BranchIrpjBean:tab1:TbrCad0000BranchNumFedTax
INFO main - #########################################################################
INFO main - TESTE TELA ESTABELECIMENTOS ENCERRADO COM SUCESSO EM 0 HORAS 2 MINUTOS 46 SEGUNDOS 
INFO main - #########################################################################
