INFO main ECF.automacao.suite.ResultadosDaSuite - Apagando log
INFO main ECF.automacao.suite.ResultadosDaSuite - Apagando Screenshot
INFO main ECF.automacao.suite.ResultadosDaSuite -                                                                                  ▒▓░ ▓░                                                            
INFO main ECF.automacao.suite.ResultadosDaSuite -                                                                                 ▒█████▒                  ▒▒                                        
INFO main ECF.automacao.suite.ResultadosDaSuite -            ▓██▒   ░█▓    ██ ████▓███  ▒████▓   ░██▓     ▓██▒    ██▓      ▓████    ▓▓█      ▓████▒       ▒██       ▓█████▓  ░▓███▓ ▒█████░          
INFO main ECF.automacao.suite.ResultadosDaSuite -            ████   ▓██   ░██ ████████ ████████▒ ▓████   ▓████   ▓███▓   ▓██████▒  ▓███▓   ▓████████      ▒██       ███▓██▒ ███████ ██████░          
INFO main ECF.automacao.suite.ResultadosDaSuite -           ██▒██▓  ▓██    ██    ██   ▓██    ███ ▓█▓██▒  ██▓█▓   ██▒██   ██▓       ██▒██   ██▒    ██▓     ▒██       ██▓    ▒██░     ██▓              
INFO main ECF.automacao.suite.ResultadosDaSuite -          ░██  ██  ▓██    ██    ██░  ██▓    ▒██ ▒█▓ ██ ██▒▓█▓  ██▒ ██▓ ▓██       ██▒ ▓█▓ ▒██     ██▓     ▒██       ██████ ▓██      ██████           
INFO main ECF.automacao.suite.ResultadosDaSuite -          ████████ ▒██    ██    ██▒  ███    ▓██ ▓██ █████ ▓█▓ ▒███████  ██▒     ░███████  ██▒    ██▓     ▒██       ██▓    ▓██      ███▒▒▓           
INFO main ECF.automacao.suite.ResultadosDaSuite -         ▓██▒▓▒▓██▒ ███▓▓███   ░██▒  ░███▓▓███░ ▓██  ███░ ██▓ ██▓▒▓▒███ ▓███▓██▒██▓▒▓▒███ ▓███▓████      ▒██       ███▓▓█▒ ███████ ███              
INFO main ECF.automacao.suite.ResultadosDaSuite -         ██░    ▓█▓  ▓████▒     ██░    ▓████▓   ▒█▓  ▓█▓  ▓█▒ ██     ██  ░▓███▓ ██     ██  ▒█████▒       ▒██       ▓█████▓  ▓████▓ ▓█▓              
INFO main ECF.automacao.suite.ResultadosDaSuite -         ▒▒     ▒▒░  ░▒▒▒▒      ▒▒     ░▒▒▒▒░   ░▒▒  ░▓░   ▓  ▒▒     ▒▓  ░▓██▓  ▒▒     ▒▓  ░░▒░▒▒░       ▒██       ░▒░▒▒▒    ▒▒▒▒░  ▓               
INFO main ECF.automacao.suite.ResultadosDaSuite -          ▓▒░  ░▒▓  ▒▓░  ▒▓░    ▒▓    ▓▓░  ░▒▓▒  ▓▒ ░▓▓▓  ▒▓▒ ░▓ ░ ░▒▓░ ▒▒▓▓▒ ▒ ░▓░░░ ▒▓▒ ▒▓▓   ▒▓▒       █▓       ░▓▒     ▒▓▒  ░▒ ░▓▒     
INFO main ECF.automacao.suite.ResultadosDaSuite - ------------------------------------------------------------------------------------------------------------------------------------------------------
INFO main ECF.automacao.suite.ResultadosDaSuite - SUITE DE TESTE INICIADA EM QUINTA-FEIRA, 24 DE JULHO DE 2014
INFO main ECF.automacao.suite.ResultadosDaSuite - ------------------------------------------------------------------------------------------------------------------------------------------------------
INFO main ECF.automacao.suite.ResultadosDaSuite - PARÂMETROS GERAIS: 
INFO main ECF.automacao.suite.ResultadosDaSuite - ------------------------------------------------------------------------------------------------------------------------------------------------------
INFO main ECF.automacao.suite.ResultadosDaSuite - URL: http://166.78.0.215:8092/taxbr-web/pages/login.jsf
INFO main ECF.automacao.suite.ResultadosDaSuite - USUARIO: AUTO_ECF
INFO main ECF.automacao.suite.ResultadosDaSuite - SENHA: ecf@2015
INFO main ECF.automacao.suite.ResultadosDaSuite - NAVEGADOR: http://166.78.0.215:8092/taxbr-web/pages/login.jsf
INFO main ECF.automacao.suite.ResultadosDaSuite - QTDE DE TENTATIVAS: 25
INFO main ECF.automacao.suite.ResultadosDaSuite - TEMPO ACEITÁVEL DE CARREGAMENTO: 25 (milissegundos)
INFO main ECF.automacao.suite.ResultadosDaSuite - PARÂMETROS DA SUITE: 
INFO main ECF.automacao.suite.ResultadosDaSuite - ------------------------------------------------------------------------------------------------------------------------------------------------------
INFO main ECF.automacao.suite.ResultadosDaSuite - TESTES DE TELA (testaTela): true
INFO main ECF.automacao.suite.ResultadosDaSuite - TESTES DE CRUD (testaCRUD): true
INFO main ECF.automacao.suite.ResultadosDaSuite - TESTES DE INTEGRAÇÃO (testaIntegracao): true
INFO main ECF.automacao.suite.ResultadosDaSuite - ------------------------------------------------------------------------------------------------------------------------------------------------------
INFO main ECF.automacao.suite.ResultadosDaSuite - 
INFO main ECF.automacao.suite.ResultadosDaSuite - 
INFO main ECF.automacao.suite.TesteSuite - ------------------------------------------------------
INFO main ECF.automacao.suite.TesteSuite - INICIANDO TESTES DE TELA...
INFO main ECF.automacao.suite.TesteSuite - ------------------------------------------------------
INFO main ECF.automacaoECF.padrao.VerificacoesDeTela - #########################################################################
INFO main ECF.automacaoECF.padrao.VerificacoesDeTela - CENTRO DE CUSTO - TESTE INICIADO EM Thu Jul 24 00:17:30 BRT 2014
INFO main ECF.automacaoECF.padrao.VerificacoesDeTela - #########################################################################
INFO main ECF.automacaoECF.padrao.VerificacoesDeTela - ----------------------------------------------------
INFO main ECF.automacaoECF.padrao.VerificacoesDeTela - URL: http://166.78.0.215:8092/taxbr-web/pages/login.jsf
INFO main ECF.automacaoECF.padrao.VerificacoesDeTela - USUARIO: AUTO_ECF
INFO main ECF.automacaoECF.padrao.VerificacoesDeTela - SENHA: ecf@2015
INFO main ECF.automacaoECF.padrao.VerificacoesDeTela - NAVEGADOR: firefox
INFO main ECF.automacaoECF.padrao.VerificacoesDeTela - TESTE: CENTRO DE CUSTO
INFO main ECF.automacaoECF.padrao.VerificacoesDeTela - ----------------------------------------------------
INFO main ECF.automacaoECF.padrao.VerificacoesDeTela - Acessando aplicação no endereco http://166.78.0.215:8092/taxbr-web/pages/login.jsf, utilizando o navegador: firefox
